[2021-12-30T15:54:47.795] [INFO] access - ::1 - - "GET /users/info HTTP/1.1" 200 37 "" "PostmanRuntime/7.28.4"
[2021-12-30T15:55:04.176] [INFO] access - ::1 - - "GET /users/info HTTP/1.1" 200 37 "" "PostmanRuntime/7.28.4"
[2021-12-30T15:57:17.794] [INFO] access - ::1 - - "GET /users/info HTTP/1.1" 200 164 "" "PostmanRuntime/7.28.4"
[2021-12-30T15:57:18.396] [INFO] access - ::1 - - "GET /users/info HTTP/1.1" 200 164 "" "PostmanRuntime/7.28.4"
[2021-12-30T15:57:19.086] [INFO] access - ::1 - - "GET /users/info HTTP/1.1" 200 164 "" "PostmanRuntime/7.28.4"
[2021-12-30T16:27:49.324] [INFO] access - ::1 - - "GET / HTTP/1.1" 200 79 "" "Mozilla/5.0 (Windows NT 10.0; Win64; x64) AppleWebKit/537.36 (KHTML, like Gecko) Chrome/96.0.4664.110 Safari/537.36"
[2021-12-30T16:27:49.658] [INFO] access - ::1 - - "GET /favicon.ico HTTP/1.1" 200 79 "http://localhost:3000/" "Mozilla/5.0 (Windows NT 10.0; Win64; x64) AppleWebKit/537.36 (KHTML, like Gecko) Chrome/96.0.4664.110 Safari/537.36"
[2021-12-30T16:50:18.934] [INFO] access - ::1 - - "POST /login HTTP/1.1" 200 79 "http://localhost:3000/swagger" "Mozilla/5.0 (Windows NT 10.0; Win64; x64) AppleWebKit/537.36 (KHTML, like Gecko) Chrome/96.0.4664.110 Safari/537.36"
[2021-12-30T16:50:42.959] [INFO] access - ::1 - - "POST /login HTTP/1.1" 200 79 "http://localhost:3000/swagger" "Mozilla/5.0 (Windows NT 10.0; Win64; x64) AppleWebKit/537.36 (KHTML, like Gecko) Chrome/96.0.4664.110 Safari/537.36"
[2021-12-30T16:50:55.111] [INFO] access - ::1 - - "POST /user/login HTTP/1.1" 200 79 "http://localhost:3000/swagger" "Mozilla/5.0 (Windows NT 10.0; Win64; x64) AppleWebKit/537.36 (KHTML, like Gecko) Chrome/96.0.4664.110 Safari/537.36"
[2021-12-30T16:51:35.311] [INFO] access - ::1 - - "POST /users/login HTTP/1.1" 200 54 "http://localhost:3000/swagger" "Mozilla/5.0 (Windows NT 10.0; Win64; x64) AppleWebKit/537.36 (KHTML, like Gecko) Chrome/96.0.4664.110 Safari/537.36"
[2021-12-30T16:51:49.772] [INFO] access - ::1 - - "POST /users/login HTTP/1.1" 200 54 "http://localhost:3000/swagger" "Mozilla/5.0 (Windows NT 10.0; Win64; x64) AppleWebKit/537.36 (KHTML, like Gecko) Chrome/96.0.4664.110 Safari/537.36"
[2021-12-30T16:51:50.820] [INFO] access - ::1 - - "POST /users/login HTTP/1.1" 200 54 "http://localhost:3000/swagger" "Mozilla/5.0 (Windows NT 10.0; Win64; x64) AppleWebKit/537.36 (KHTML, like Gecko) Chrome/96.0.4664.110 Safari/537.36"
[2021-12-30T16:51:51.363] [INFO] access - ::1 - - "POST /users/login HTTP/1.1" 200 54 "http://localhost:3000/swagger" "Mozilla/5.0 (Windows NT 10.0; Win64; x64) AppleWebKit/537.36 (KHTML, like Gecko) Chrome/96.0.4664.110 Safari/537.36"
[2021-12-30T16:52:37.095] [INFO] access - ::1 - - "POST /users/login HTTP/1.1" 200 54 "http://localhost:3000/swagger" "Mozilla/5.0 (Windows NT 10.0; Win64; x64) AppleWebKit/537.36 (KHTML, like Gecko) Chrome/96.0.4664.110 Safari/537.36"
[2021-12-30T16:52:54.723] [INFO] access - ::1 - - "POST /users/login HTTP/1.1" 200 54 "http://localhost:3000/swagger" "Mozilla/5.0 (Windows NT 10.0; Win64; x64) AppleWebKit/537.36 (KHTML, like Gecko) Chrome/96.0.4664.110 Safari/537.36"
[2021-12-30T16:57:05.742] [INFO] access - ::1 - - "POST /users/login HTTP/1.1" 200 54 "http://localhost:3000/swagger" "Mozilla/5.0 (Windows NT 10.0; Win64; x64) AppleWebKit/537.36 (KHTML, like Gecko) Chrome/96.0.4664.110 Safari/537.36"
[2021-12-30T16:57:44.250] [INFO] access - ::1 - - "POST /users/login HTTP/1.1" 200 54 "http://localhost:3000/swagger" "Mozilla/5.0 (Windows NT 10.0; Win64; x64) AppleWebKit/537.36 (KHTML, like Gecko) Chrome/96.0.4664.110 Safari/537.36"
[2021-12-30T16:59:26.574] [INFO] access - ::1 - - "POST /users/login HTTP/1.1" 200 249 "http://localhost:3000/swagger" "Mozilla/5.0 (Windows NT 10.0; Win64; x64) AppleWebKit/537.36 (KHTML, like Gecko) Chrome/96.0.4664.110 Safari/537.36"
[2021-12-30T17:00:13.895] [INFO] access - ::1 - - "POST /users/register HTTP/1.1" 200 131 "http://localhost:3000/swagger" "Mozilla/5.0 (Windows NT 10.0; Win64; x64) AppleWebKit/537.36 (KHTML, like Gecko) Chrome/96.0.4664.110 Safari/537.36"
[2021-12-30T17:02:21.239] [INFO] access - ::1 - - "POST /users/info HTTP/1.1" 200 79 "http://localhost:3000/swagger" "Mozilla/5.0 (Windows NT 10.0; Win64; x64) AppleWebKit/537.36 (KHTML, like Gecko) Chrome/96.0.4664.110 Safari/537.36"
[2021-12-30T17:10:45.754] [INFO] access - ::1 - - "POST /users/info HTTP/1.1" 200 79 "http://localhost:3000/swagger" "Mozilla/5.0 (Windows NT 10.0; Win64; x64) AppleWebKit/537.36 (KHTML, like Gecko) Chrome/96.0.4664.110 Safari/537.36"
[2021-12-30T17:23:32.181] [INFO] access - ::1 - - "POST /users/info HTTP/1.1" 200 79 "http://localhost:3000/swagger" "Mozilla/5.0 (Windows NT 10.0; Win64; x64) AppleWebKit/537.36 (KHTML, like Gecko) Chrome/96.0.4664.110 Safari/537.36"
[2021-12-30T17:23:45.386] [INFO] access - ::1 - - "POST /users/login HTTP/1.1" 200 249 "http://localhost:3000/swagger" "Mozilla/5.0 (Windows NT 10.0; Win64; x64) AppleWebKit/537.36 (KHTML, like Gecko) Chrome/96.0.4664.110 Safari/537.36"
[2021-12-30T17:24:03.987] [INFO] access - ::1 - - "POST /users/info HTTP/1.1" 200 79 "http://localhost:3000/swagger" "Mozilla/5.0 (Windows NT 10.0; Win64; x64) AppleWebKit/537.36 (KHTML, like Gecko) Chrome/96.0.4664.110 Safari/537.36"
[2021-12-30T17:24:05.001] [INFO] access - ::1 - - "POST /users/info HTTP/1.1" 200 79 "http://localhost:3000/swagger" "Mozilla/5.0 (Windows NT 10.0; Win64; x64) AppleWebKit/537.36 (KHTML, like Gecko) Chrome/96.0.4664.110 Safari/537.36"
[2021-12-30T17:24:08.257] [INFO] access - ::1 - - "POST /users/info HTTP/1.1" 200 79 "http://localhost:3000/swagger" "Mozilla/5.0 (Windows NT 10.0; Win64; x64) AppleWebKit/537.36 (KHTML, like Gecko) Chrome/96.0.4664.110 Safari/537.36"
[2021-12-30T17:24:10.641] [INFO] access - ::1 - - "POST /users/info HTTP/1.1" 200 79 "http://localhost:3000/swagger" "Mozilla/5.0 (Windows NT 10.0; Win64; x64) AppleWebKit/537.36 (KHTML, like Gecko) Chrome/96.0.4664.110 Safari/537.36"
[2021-12-30T17:25:08.677] [INFO] access - ::1 - - "POST /users/login HTTP/1.1" 200 249 "http://localhost:3000/swagger" "Mozilla/5.0 (Windows NT 10.0; Win64; x64) AppleWebKit/537.36 (KHTML, like Gecko) Chrome/96.0.4664.110 Safari/537.36"
[2021-12-30T17:25:25.718] [INFO] access - ::1 - - "POST /users/info HTTP/1.1" 200 79 "http://localhost:3000/swagger" "Mozilla/5.0 (Windows NT 10.0; Win64; x64) AppleWebKit/537.36 (KHTML, like Gecko) Chrome/96.0.4664.110 Safari/537.36"
[2021-12-30T17:25:32.507] [INFO] access - ::1 - - "POST /users/info HTTP/1.1" 200 79 "http://localhost:3000/swagger" "Mozilla/5.0 (Windows NT 10.0; Win64; x64) AppleWebKit/537.36 (KHTML, like Gecko) Chrome/96.0.4664.110 Safari/537.36"
[2021-12-30T17:25:32.971] [INFO] access - ::1 - - "POST /users/info HTTP/1.1" 200 79 "http://localhost:3000/swagger" "Mozilla/5.0 (Windows NT 10.0; Win64; x64) AppleWebKit/537.36 (KHTML, like Gecko) Chrome/96.0.4664.110 Safari/537.36"
[2021-12-30T17:25:33.958] [INFO] access - ::1 - - "POST /users/info HTTP/1.1" 200 79 "http://localhost:3000/swagger" "Mozilla/5.0 (Windows NT 10.0; Win64; x64) AppleWebKit/537.36 (KHTML, like Gecko) Chrome/96.0.4664.110 Safari/537.36"
[2021-12-30T17:25:34.526] [INFO] access - ::1 - - "POST /users/info HTTP/1.1" 200 79 "http://localhost:3000/swagger" "Mozilla/5.0 (Windows NT 10.0; Win64; x64) AppleWebKit/537.36 (KHTML, like Gecko) Chrome/96.0.4664.110 Safari/537.36"
[2021-12-30T17:25:35.112] [INFO] access - ::1 - - "POST /users/info HTTP/1.1" 200 79 "http://localhost:3000/swagger" "Mozilla/5.0 (Windows NT 10.0; Win64; x64) AppleWebKit/537.36 (KHTML, like Gecko) Chrome/96.0.4664.110 Safari/537.36"
[2021-12-30T17:25:35.627] [INFO] access - ::1 - - "POST /users/info HTTP/1.1" 200 79 "http://localhost:3000/swagger" "Mozilla/5.0 (Windows NT 10.0; Win64; x64) AppleWebKit/537.36 (KHTML, like Gecko) Chrome/96.0.4664.110 Safari/537.36"
[2021-12-30T17:25:35.885] [INFO] access - ::1 - - "POST /users/info HTTP/1.1" 200 79 "http://localhost:3000/swagger" "Mozilla/5.0 (Windows NT 10.0; Win64; x64) AppleWebKit/537.36 (KHTML, like Gecko) Chrome/96.0.4664.110 Safari/537.36"
[2021-12-30T17:25:36.076] [INFO] access - ::1 - - "POST /users/info HTTP/1.1" 200 79 "http://localhost:3000/swagger" "Mozilla/5.0 (Windows NT 10.0; Win64; x64) AppleWebKit/537.36 (KHTML, like Gecko) Chrome/96.0.4664.110 Safari/537.36"
[2021-12-30T17:26:01.232] [INFO] access - ::1 - - "POST /users/login HTTP/1.1" 200 249 "" "PostmanRuntime/7.28.4"
[2021-12-30T17:26:07.910] [INFO] access - ::1 - - "POST /users/login HTTP/1.1" 200 249 "" "PostmanRuntime/7.28.4"
[2021-12-30T17:26:30.329] [INFO] access - ::1 - - "POST /users/info HTTP/1.1" 200 79 "http://localhost:3000/swagger" "Mozilla/5.0 (Windows NT 10.0; Win64; x64) AppleWebKit/537.36 (KHTML, like Gecko) Chrome/96.0.4664.110 Safari/537.36"
[2021-12-30T17:26:38.927] [INFO] access - ::1 - - "POST /users/info HTTP/1.1" 200 79 "http://localhost:3000/swagger" "Mozilla/5.0 (Windows NT 10.0; Win64; x64) AppleWebKit/537.36 (KHTML, like Gecko) Chrome/96.0.4664.110 Safari/537.36"
[2021-12-30T17:26:39.405] [INFO] access - ::1 - - "POST /users/info HTTP/1.1" 200 79 "http://localhost:3000/swagger" "Mozilla/5.0 (Windows NT 10.0; Win64; x64) AppleWebKit/537.36 (KHTML, like Gecko) Chrome/96.0.4664.110 Safari/537.36"
[2021-12-30T17:26:40.313] [INFO] access - ::1 - - "POST /users/info HTTP/1.1" 200 79 "http://localhost:3000/swagger" "Mozilla/5.0 (Windows NT 10.0; Win64; x64) AppleWebKit/537.36 (KHTML, like Gecko) Chrome/96.0.4664.110 Safari/537.36"
[2021-12-30T17:26:41.131] [INFO] access - ::1 - - "POST /users/info HTTP/1.1" 200 79 "http://localhost:3000/swagger" "Mozilla/5.0 (Windows NT 10.0; Win64; x64) AppleWebKit/537.36 (KHTML, like Gecko) Chrome/96.0.4664.110 Safari/537.36"
[2021-12-30T17:26:44.505] [INFO] access - ::1 - - "POST /users/info HTTP/1.1" 200 79 "http://localhost:3000/swagger" "Mozilla/5.0 (Windows NT 10.0; Win64; x64) AppleWebKit/537.36 (KHTML, like Gecko) Chrome/96.0.4664.110 Safari/537.36"
[2021-12-30T17:26:46.535] [INFO] access - ::1 - - "POST /users/info HTTP/1.1" 200 79 "http://localhost:3000/swagger" "Mozilla/5.0 (Windows NT 10.0; Win64; x64) AppleWebKit/537.36 (KHTML, like Gecko) Chrome/96.0.4664.110 Safari/537.36"
[2021-12-30T17:26:46.976] [INFO] access - ::1 - - "POST /users/info HTTP/1.1" 200 79 "http://localhost:3000/swagger" "Mozilla/5.0 (Windows NT 10.0; Win64; x64) AppleWebKit/537.36 (KHTML, like Gecko) Chrome/96.0.4664.110 Safari/537.36"
[2021-12-30T17:26:56.756] [INFO] access - ::1 - - "POST /users/info HTTP/1.1" 200 79 "http://localhost:3000/swagger" "Mozilla/5.0 (Windows NT 10.0; Win64; x64) AppleWebKit/537.36 (KHTML, like Gecko) Chrome/96.0.4664.110 Safari/537.36"
[2021-12-30T17:26:57.440] [INFO] access - ::1 - - "POST /users/info HTTP/1.1" 200 79 "http://localhost:3000/swagger" "Mozilla/5.0 (Windows NT 10.0; Win64; x64) AppleWebKit/537.36 (KHTML, like Gecko) Chrome/96.0.4664.110 Safari/537.36"
[2021-12-30T17:26:57.852] [INFO] access - ::1 - - "POST /users/info HTTP/1.1" 200 79 "http://localhost:3000/swagger" "Mozilla/5.0 (Windows NT 10.0; Win64; x64) AppleWebKit/537.36 (KHTML, like Gecko) Chrome/96.0.4664.110 Safari/537.36"
[2021-12-30T17:27:19.431] [INFO] access - ::1 - - "GET /users/info HTTP/1.1" 200 79 "" "PostmanRuntime/7.28.4"
[2021-12-30T17:27:49.385] [INFO] access - ::1 - - "GET /users/info HTTP/1.1" 200 164 "" "PostmanRuntime/7.28.4"
[2021-12-30T17:27:57.624] [INFO] access - ::1 - - "POST /users/info HTTP/1.1" 200 79 "http://localhost:3000/swagger" "Mozilla/5.0 (Windows NT 10.0; Win64; x64) AppleWebKit/537.36 (KHTML, like Gecko) Chrome/96.0.4664.110 Safari/537.36"
[2021-12-30T17:28:05.717] [INFO] access - ::1 - - "GET /users/info HTTP/1.1" 200 164 "" "PostmanRuntime/7.28.4"
[2021-12-30T17:28:06.455] [INFO] access - ::1 - - "GET /users/info HTTP/1.1" 200 164 "" "PostmanRuntime/7.28.4"
[2021-12-30T17:28:19.313] [INFO] access - ::1 - - "POST /users/info HTTP/1.1" 200 79 "http://localhost:3000/swagger" "Mozilla/5.0 (Windows NT 10.0; Win64; x64) AppleWebKit/537.36 (KHTML, like Gecko) Chrome/96.0.4664.110 Safari/537.36"
[2021-12-30T17:28:42.861] [INFO] access - ::1 - - "POST /users/info HTTP/1.1" 200 79 "http://localhost:3000/swagger" "Mozilla/5.0 (Windows NT 10.0; Win64; x64) AppleWebKit/537.36 (KHTML, like Gecko) Chrome/96.0.4664.110 Safari/537.36"
[2021-12-30T17:28:44.638] [INFO] access - ::1 - - "POST /users/info HTTP/1.1" 200 79 "http://localhost:3000/swagger" "Mozilla/5.0 (Windows NT 10.0; Win64; x64) AppleWebKit/537.36 (KHTML, like Gecko) Chrome/96.0.4664.110 Safari/537.36"
[2021-12-30T17:28:45.168] [INFO] access - ::1 - - "POST /users/info HTTP/1.1" 200 79 "http://localhost:3000/swagger" "Mozilla/5.0 (Windows NT 10.0; Win64; x64) AppleWebKit/537.36 (KHTML, like Gecko) Chrome/96.0.4664.110 Safari/537.36"
[2021-12-30T17:28:45.592] [INFO] access - ::1 - - "POST /users/info HTTP/1.1" 200 79 "http://localhost:3000/swagger" "Mozilla/5.0 (Windows NT 10.0; Win64; x64) AppleWebKit/537.36 (KHTML, like Gecko) Chrome/96.0.4664.110 Safari/537.36"
[2021-12-30T17:28:46.012] [INFO] access - ::1 - - "POST /users/info HTTP/1.1" 200 79 "http://localhost:3000/swagger" "Mozilla/5.0 (Windows NT 10.0; Win64; x64) AppleWebKit/537.36 (KHTML, like Gecko) Chrome/96.0.4664.110 Safari/537.36"
[2021-12-30T17:29:26.496] [INFO] access - ::1 - - "POST /users/info HTTP/1.1" 200 79 "http://localhost:3000/swagger" "Mozilla/5.0 (Windows NT 10.0; Win64; x64) AppleWebKit/537.36 (KHTML, like Gecko) Chrome/96.0.4664.110 Safari/537.36"
[2021-12-30T17:30:18.357] [INFO] access - ::1 - - "GET /users/info HTTP/1.1" 200 164 "" "PostmanRuntime/7.28.4"
[2021-12-30T17:30:33.922] [INFO] access - ::1 - - "POST /users/login HTTP/1.1" 200 249 "" "PostmanRuntime/7.28.4"
[2021-12-30T17:30:51.478] [INFO] access - ::1 - - "POST /users/info HTTP/1.1" 200 79 "http://localhost:3000/swagger" "Mozilla/5.0 (Windows NT 10.0; Win64; x64) AppleWebKit/537.36 (KHTML, like Gecko) Chrome/96.0.4664.110 Safari/537.36"
[2021-12-30T17:30:58.895] [INFO] access - ::1 - - "POST /users/info HTTP/1.1" 200 79 "http://localhost:3000/swagger" "Mozilla/5.0 (Windows NT 10.0; Win64; x64) AppleWebKit/537.36 (KHTML, like Gecko) Chrome/96.0.4664.110 Safari/537.36"
[2021-12-30T17:30:59.323] [INFO] access - ::1 - - "POST /users/info HTTP/1.1" 200 79 "http://localhost:3000/swagger" "Mozilla/5.0 (Windows NT 10.0; Win64; x64) AppleWebKit/537.36 (KHTML, like Gecko) Chrome/96.0.4664.110 Safari/537.36"
[2021-12-30T17:30:59.780] [INFO] access - ::1 - - "POST /users/info HTTP/1.1" 200 79 "http://localhost:3000/swagger" "Mozilla/5.0 (Windows NT 10.0; Win64; x64) AppleWebKit/537.36 (KHTML, like Gecko) Chrome/96.0.4664.110 Safari/537.36"
[2021-12-30T17:30:59.995] [INFO] access - ::1 - - "POST /users/info HTTP/1.1" 200 79 "http://localhost:3000/swagger" "Mozilla/5.0 (Windows NT 10.0; Win64; x64) AppleWebKit/537.36 (KHTML, like Gecko) Chrome/96.0.4664.110 Safari/537.36"
[2021-12-30T17:31:00.196] [INFO] access - ::1 - - "POST /users/info HTTP/1.1" 200 79 "http://localhost:3000/swagger" "Mozilla/5.0 (Windows NT 10.0; Win64; x64) AppleWebKit/537.36 (KHTML, like Gecko) Chrome/96.0.4664.110 Safari/537.36"
[2021-12-30T17:31:00.394] [INFO] access - ::1 - - "POST /users/info HTTP/1.1" 200 79 "http://localhost:3000/swagger" "Mozilla/5.0 (Windows NT 10.0; Win64; x64) AppleWebKit/537.36 (KHTML, like Gecko) Chrome/96.0.4664.110 Safari/537.36"
[2021-12-30T17:31:00.543] [INFO] access - ::1 - - "POST /users/info HTTP/1.1" 200 79 "http://localhost:3000/swagger" "Mozilla/5.0 (Windows NT 10.0; Win64; x64) AppleWebKit/537.36 (KHTML, like Gecko) Chrome/96.0.4664.110 Safari/537.36"
[2021-12-30T17:31:00.731] [INFO] access - ::1 - - "POST /users/info HTTP/1.1" 200 79 "http://localhost:3000/swagger" "Mozilla/5.0 (Windows NT 10.0; Win64; x64) AppleWebKit/537.36 (KHTML, like Gecko) Chrome/96.0.4664.110 Safari/537.36"
[2021-12-30T17:35:58.887] [INFO] access - ::1 - - "POST /users/login HTTP/1.1" 200 249 "" "PostmanRuntime/7.28.4"
[2021-12-30T17:36:15.597] [INFO] access - ::1 - - "POST /users/info HTTP/1.1" 200 79 "http://localhost:3000/swagger" "Mozilla/5.0 (Windows NT 10.0; Win64; x64) AppleWebKit/537.36 (KHTML, like Gecko) Chrome/96.0.4664.110 Safari/537.36"
[2021-12-30T17:36:41.884] [INFO] access - ::1 - - "POST /users/info HTTP/1.1" 200 79 "http://localhost:3000/swagger" "Mozilla/5.0 (Windows NT 10.0; Win64; x64) AppleWebKit/537.36 (KHTML, like Gecko) Chrome/96.0.4664.110 Safari/537.36"
[2021-12-30T17:36:42.328] [INFO] access - ::1 - - "POST /users/info HTTP/1.1" 200 79 "http://localhost:3000/swagger" "Mozilla/5.0 (Windows NT 10.0; Win64; x64) AppleWebKit/537.36 (KHTML, like Gecko) Chrome/96.0.4664.110 Safari/537.36"
[2021-12-30T17:36:42.558] [INFO] access - ::1 - - "POST /users/info HTTP/1.1" 200 79 "http://localhost:3000/swagger" "Mozilla/5.0 (Windows NT 10.0; Win64; x64) AppleWebKit/537.36 (KHTML, like Gecko) Chrome/96.0.4664.110 Safari/537.36"
[2021-12-30T17:36:42.784] [INFO] access - ::1 - - "POST /users/info HTTP/1.1" 200 79 "http://localhost:3000/swagger" "Mozilla/5.0 (Windows NT 10.0; Win64; x64) AppleWebKit/537.36 (KHTML, like Gecko) Chrome/96.0.4664.110 Safari/537.36"
[2021-12-30T17:39:43.049] [INFO] access - ::1 - - "POST /users/info HTTP/1.1" 200 36 "http://localhost:3000/swagger" "Mozilla/5.0 (Windows NT 10.0; Win64; x64) AppleWebKit/537.36 (KHTML, like Gecko) Chrome/96.0.4664.110 Safari/537.36"
[2021-12-30T17:40:06.622] [INFO] access - ::1 - - "POST /users/info HTTP/1.1" 404 - "http://localhost:3000/swagger" "Mozilla/5.0 (Windows NT 10.0; Win64; x64) AppleWebKit/537.36 (KHTML, like Gecko) Chrome/96.0.4664.110 Safari/537.36"
[2021-12-30T17:40:24.204] [INFO] access - ::1 - - "POST /users/info HTTP/1.1" 404 - "http://localhost:3000/swagger" "Mozilla/5.0 (Windows NT 10.0; Win64; x64) AppleWebKit/537.36 (KHTML, like Gecko) Chrome/96.0.4664.110 Safari/537.36"
[2021-12-30T17:40:25.703] [INFO] access - ::1 - - "POST /users/info HTTP/1.1" 404 - "http://localhost:3000/swagger" "Mozilla/5.0 (Windows NT 10.0; Win64; x64) AppleWebKit/537.36 (KHTML, like Gecko) Chrome/96.0.4664.110 Safari/537.36"
[2021-12-30T17:43:51.040] [INFO] access - ::1 - - "GET /users/info HTTP/1.1" 200 1015 "" "PostmanRuntime/7.28.4"
[2021-12-30T17:44:01.584] [INFO] access - ::1 - - "POST /users/info HTTP/1.1" 404 - "http://localhost:3000/swagger" "Mozilla/5.0 (Windows NT 10.0; Win64; x64) AppleWebKit/537.36 (KHTML, like Gecko) Chrome/96.0.4664.110 Safari/537.36"
[2021-12-30T17:44:03.038] [INFO] access - ::1 - - "POST /users/info HTTP/1.1" 404 - "http://localhost:3000/swagger" "Mozilla/5.0 (Windows NT 10.0; Win64; x64) AppleWebKit/537.36 (KHTML, like Gecko) Chrome/96.0.4664.110 Safari/537.36"
[2021-12-30T17:44:26.778] [INFO] access - ::1 - - "POST /users/info HTTP/1.1" 404 - "http://localhost:3000/swagger" "Mozilla/5.0 (Windows NT 10.0; Win64; x64) AppleWebKit/537.36 (KHTML, like Gecko) Chrome/96.0.4664.110 Safari/537.36"
[2021-12-30T17:44:34.620] [INFO] access - ::1 - - "POST /users/login HTTP/1.1" 200 249 "" "PostmanRuntime/7.28.4"
[2021-12-30T17:44:47.874] [INFO] access - ::1 - - "GET /users/info HTTP/1.1" 200 1228 "http://localhost:3000/swagger" "Mozilla/5.0 (Windows NT 10.0; Win64; x64) AppleWebKit/537.36 (KHTML, like Gecko) Chrome/96.0.4664.110 Safari/537.36"
[2021-12-30T17:46:40.661] [INFO] access - ::1 - - "GET /users/info HTTP/1.1" 200 1228 "http://localhost:3000/swagger" "Mozilla/5.0 (Windows NT 10.0; Win64; x64) AppleWebKit/537.36 (KHTML, like Gecko) Chrome/96.0.4664.110 Safari/537.36"
[2021-12-30T17:47:06.449] [INFO] access - ::1 - - "GET /users/info HTTP/1.1" 200 1228 "http://localhost:3000/swagger" "Mozilla/5.0 (Windows NT 10.0; Win64; x64) AppleWebKit/537.36 (KHTML, like Gecko) Chrome/96.0.4664.110 Safari/537.36"
[2021-12-30T17:53:15.702] [INFO] access - ::1 - - "GET /users/info HTTP/1.1" 200 1228 "http://localhost:3000/swagger" "Mozilla/5.0 (Windows NT 10.0; Win64; x64) AppleWebKit/537.36 (KHTML, like Gecko) Chrome/96.0.4664.110 Safari/537.36"
[2021-12-30T17:58:21.784] [INFO] access - ::1 - - "GET /users/info HTTP/1.1" 200 1228 "http://localhost:3000/swagger" "Mozilla/5.0 (Windows NT 10.0; Win64; x64) AppleWebKit/537.36 (KHTML, like Gecko) Chrome/96.0.4664.110 Safari/537.36"
[2021-12-30T18:00:38.245] [INFO] access - ::1 - - "GET /users/info HTTP/1.1" 200 1228 "http://localhost:3000/swagger" "Mozilla/5.0 (Windows NT 10.0; Win64; x64) AppleWebKit/537.36 (KHTML, like Gecko) Chrome/96.0.4664.110 Safari/537.36"
[2021-12-30T18:00:48.960] [INFO] access - ::1 - - "POST /users/login HTTP/1.1" 200 249 "" "PostmanRuntime/7.28.4"
[2021-12-30T18:01:04.995] [INFO] access - ::1 - - "GET /users/info HTTP/1.1" 200 1228 "http://localhost:3000/swagger" "Mozilla/5.0 (Windows NT 10.0; Win64; x64) AppleWebKit/537.36 (KHTML, like Gecko) Chrome/96.0.4664.110 Safari/537.36"
[2021-12-30T18:03:39.998] [INFO] access - ::1 - - "GET /users/info HTTP/1.1" 200 1228 "http://localhost:3000/swagger" "Mozilla/5.0 (Windows NT 10.0; Win64; x64) AppleWebKit/537.36 (KHTML, like Gecko) Chrome/96.0.4664.110 Safari/537.36"
[2021-12-30T18:07:10.338] [INFO] access - ::1 - - "GET /users/info HTTP/1.1" 200 1228 "http://localhost:3000/swagger" "Mozilla/5.0 (Windows NT 10.0; Win64; x64) AppleWebKit/537.36 (KHTML, like Gecko) Chrome/96.0.4664.110 Safari/537.36"
[2021-12-30T18:07:59.378] [INFO] access - ::1 - - "GET /users/info HTTP/1.1" 200 17 "http://localhost:3000/swagger" "Mozilla/5.0 (Windows NT 10.0; Win64; x64) AppleWebKit/537.36 (KHTML, like Gecko) Chrome/96.0.4664.110 Safari/537.36"
[2021-12-30T18:08:06.122] [INFO] access - ::1 - - "GET /users/info HTTP/1.1" 200 17 "http://localhost:3000/swagger" "Mozilla/5.0 (Windows NT 10.0; Win64; x64) AppleWebKit/537.36 (KHTML, like Gecko) Chrome/96.0.4664.110 Safari/537.36"
[2021-12-30T18:08:06.731] [INFO] access - ::1 - - "GET /users/info HTTP/1.1" 200 17 "http://localhost:3000/swagger" "Mozilla/5.0 (Windows NT 10.0; Win64; x64) AppleWebKit/537.36 (KHTML, like Gecko) Chrome/96.0.4664.110 Safari/537.36"
[2021-12-30T18:08:07.112] [INFO] access - ::1 - - "GET /users/info HTTP/1.1" 200 17 "http://localhost:3000/swagger" "Mozilla/5.0 (Windows NT 10.0; Win64; x64) AppleWebKit/537.36 (KHTML, like Gecko) Chrome/96.0.4664.110 Safari/537.36"
[2021-12-30T18:08:07.363] [INFO] access - ::1 - - "GET /users/info HTTP/1.1" 200 17 "http://localhost:3000/swagger" "Mozilla/5.0 (Windows NT 10.0; Win64; x64) AppleWebKit/537.36 (KHTML, like Gecko) Chrome/96.0.4664.110 Safari/537.36"
[2021-12-30T18:08:07.555] [INFO] access - ::1 - - "GET /users/info HTTP/1.1" 200 17 "http://localhost:3000/swagger" "Mozilla/5.0 (Windows NT 10.0; Win64; x64) AppleWebKit/537.36 (KHTML, like Gecko) Chrome/96.0.4664.110 Safari/537.36"
[2021-12-30T18:08:07.743] [INFO] access - ::1 - - "GET /users/info HTTP/1.1" 200 17 "http://localhost:3000/swagger" "Mozilla/5.0 (Windows NT 10.0; Win64; x64) AppleWebKit/537.36 (KHTML, like Gecko) Chrome/96.0.4664.110 Safari/537.36"
[2021-12-30T18:08:07.970] [INFO] access - ::1 - - "GET /users/info HTTP/1.1" 200 17 "http://localhost:3000/swagger" "Mozilla/5.0 (Windows NT 10.0; Win64; x64) AppleWebKit/537.36 (KHTML, like Gecko) Chrome/96.0.4664.110 Safari/537.36"
[2021-12-30T18:12:17.002] [INFO] access - ::1 - - "GET /users/info HTTP/1.1" 200 1228 "http://localhost:3000/swagger" "Mozilla/5.0 (Windows NT 10.0; Win64; x64) AppleWebKit/537.36 (KHTML, like Gecko) Chrome/96.0.4664.110 Safari/537.36"
[2021-12-30T18:14:25.317] [INFO] access - ::1 - - "POST /users/login HTTP/1.1" 200 249 "" "PostmanRuntime/7.28.4"
[2021-12-30T18:14:34.448] [INFO] access - ::1 - - "GET /users/info HTTP/1.1" 200 164 "" "PostmanRuntime/7.28.4"
[2021-12-30T18:14:47.346] [INFO] access - ::1 - - "GET /users/info HTTP/1.1" 200 79 "http://localhost:3000/swagger" "Mozilla/5.0 (Windows NT 10.0; Win64; x64) AppleWebKit/537.36 (KHTML, like Gecko) Chrome/96.0.4664.110 Safari/537.36"
[2021-12-30T18:14:56.989] [INFO] access - ::1 - - "POST /users/login HTTP/1.1" 200 249 "http://localhost:3000/swagger" "Mozilla/5.0 (Windows NT 10.0; Win64; x64) AppleWebKit/537.36 (KHTML, like Gecko) Chrome/96.0.4664.110 Safari/537.36"
